[7603:7604] Name:	cache_line_boun
[7603:7604] State:	R (running)
[7603:7604] SleepAVG:	56%
[7603:7604] Tgid:	7603
[7603:7604] Pid:	7604
[7603:7604] PPid:	7602
[7603:7604] TracerPid:	0
[7603:7604] Uid:	501	501	501	501
[7603:7604] Gid:	501	501	501	501
[7603:7604] FDSize:	64
[7603:7604] Groups:	501 
[7603:7604] VmSize:	   13872 kB
[7603:7604] VmLck:	       0 kB
[7603:7604] VmRSS:	     468 kB
[7603:7604] VmData:	   10428 kB
[7603:7604] VmStk:	       8 kB
[7603:7604] VmExe:	       3 kB
[7603:7604] VmLib:	    1349 kB
[7603:7604] StaBrk:	00502000 kB
[7603:7604] Brk:	00524000 kB
[7603:7604] StaStk:	7fbfffef60 kB
[7603:7604] Threads:	2
[7603:7604] SigPnd:	0000000000000000
[7603:7604] ShdPnd:	0000000000000000
[7603:7604] SigBlk:	0000000000000000
[7603:7604] SigIgn:	0000000000000000
[7603:7604] SigCgt:	0000000180000000
[7603:7604] CapInh:	0000000000000000
[7603:7604] CapPrm:	0000000000000000
[7603:7604] CapEff:	0000000000000000
[7603:7603] Name:	cache_line_boun
[7603:7603] State:	R (running)
[7603:7603] SleepAVG:	58%
[7603:7603] Tgid:	7603
[7603:7603] Pid:	7603
[7603:7603] PPid:	7602
[7603:7603] TracerPid:	0
[7603:7603] Uid:	501	501	501	501
[7603:7603] Gid:	501	501	501	501
[7603:7603] FDSize:	64
[7603:7603] Groups:	501 
[7603:7603] VmSize:	   13876 kB
[7603:7603] VmLck:	       0 kB
[7603:7603] VmRSS:	     476 kB
[7603:7603] VmData:	   10432 kB
[7603:7603] VmStk:	       8 kB
[7603:7603] VmExe:	       3 kB
[7603:7603] VmLib:	    1349 kB
[7603:7603] StaBrk:	00502000 kB
[7603:7603] Brk:	00524000 kB
[7603:7603] StaStk:	7fbfffef60 kB
[7603:7603] Threads:	1
[7603:7603] SigPnd:	0000000000000000
[7603:7603] ShdPnd:	0000000000000000
[7603:7603] SigBlk:	0000000000000000
[7603:7603] SigIgn:	0000000000000000
[7603:7603] SigCgt:	0000000180000000
[7603:7603] CapInh:	0000000000000000
[7603:7603] CapPrm:	0000000000000000
[7603:7603] CapEff:	0000000000000000
