[7606:7607] Name:	cache_line_no_b
[7606:7607] State:	R (running)
[7606:7607] SleepAVG:	71%
[7606:7607] Tgid:	7606
[7606:7607] Pid:	7607
[7606:7607] PPid:	7605
[7606:7607] TracerPid:	0
[7606:7607] Uid:	501	501	501	501
[7606:7607] Gid:	501	501	501	501
[7606:7607] FDSize:	64
[7606:7607] Groups:	501 
[7606:7607] VmSize:	   13872 kB
[7606:7607] VmLck:	       0 kB
[7606:7607] VmRSS:	     468 kB
[7606:7607] VmData:	   10428 kB
[7606:7607] VmStk:	       8 kB
[7606:7607] VmExe:	       3 kB
[7606:7607] VmLib:	    1349 kB
[7606:7607] StaBrk:	00502000 kB
[7606:7607] Brk:	00524000 kB
[7606:7607] StaStk:	7fbfffef50 kB
[7606:7607] Threads:	2
[7606:7607] SigPnd:	0000000000000000
[7606:7607] ShdPnd:	0000000000000000
[7606:7607] SigBlk:	0000000000000000
[7606:7607] SigIgn:	0000000000000000
[7606:7607] SigCgt:	0000000180000000
[7606:7607] CapInh:	0000000000000000
[7606:7607] CapPrm:	0000000000000000
[7606:7607] CapEff:	0000000000000000
[7606:7606] Name:	cache_line_no_b
[7606:7606] State:	R (running)
[7606:7606] SleepAVG:	58%
[7606:7606] Tgid:	7606
[7606:7606] Pid:	7606
[7606:7606] PPid:	7605
[7606:7606] TracerPid:	0
[7606:7606] Uid:	501	501	501	501
[7606:7606] Gid:	501	501	501	501
[7606:7606] FDSize:	64
[7606:7606] Groups:	501 
[7606:7606] VmSize:	   13876 kB
[7606:7606] VmLck:	       0 kB
[7606:7606] VmRSS:	     476 kB
[7606:7606] VmData:	   10432 kB
[7606:7606] VmStk:	       8 kB
[7606:7606] VmExe:	       3 kB
[7606:7606] VmLib:	    1349 kB
[7606:7606] StaBrk:	00502000 kB
[7606:7606] Brk:	00524000 kB
[7606:7606] StaStk:	7fbfffef50 kB
[7606:7606] Threads:	1
[7606:7606] SigPnd:	0000000000000000
[7606:7606] ShdPnd:	0000000000000000
[7606:7606] SigBlk:	0000000000000000
[7606:7606] SigIgn:	0000000000000000
[7606:7606] SigCgt:	0000000180000000
[7606:7606] CapInh:	0000000000000000
[7606:7606] CapPrm:	0000000000000000
[7606:7606] CapEff:	0000000000000000
